mode: set
github.com/eolinker/apinto/drivers/plugins/access-hierarchy/factory.go:21.13,22.17 1 1
github.com/eolinker/apinto/drivers/plugins/access-hierarchy/factory.go:22.17,25.3 1 1
github.com/eolinker/apinto/drivers/plugins/access-hierarchy/factory.go:29.54,31.2 1 1
github.com/eolinker/apinto/drivers/plugins/access-hierarchy/factory.go:34.47,36.2 1 1
github.com/eolinker/apinto/drivers/plugins/access-hierarchy/factory.go:39.70,41.2 1 1
github.com/eolinker/apinto/drivers/plugins/access-hierarchy/factory.go:44.111,46.16 2 1
github.com/eolinker/apinto/drivers/plugins/access-hierarchy/factory.go:46.16,48.3 1 0
github.com/eolinker/apinto/drivers/plugins/access-hierarchy/factory.go:50.2,55.16 5 1
github.com/eolinker/apinto/drivers/plugins/access-hierarchy/filter.go:10.106,12.23 1 1
github.com/eolinker/apinto/drivers/plugins/access-hierarchy/filter.go:12.23,14.3 1 1
github.com/eolinker/apinto/drivers/plugins/access-hierarchy/filter.go:17.2,20.31 2 1
github.com/eolinker/apinto/drivers/plugins/access-hierarchy/filter.go:20.31,21.24 1 1
github.com/eolinker/apinto/drivers/plugins/access-hierarchy/filter.go:21.24,23.4 1 1
github.com/eolinker/apinto/drivers/plugins/access-hierarchy/filter.go:27.2,28.16 2 1
github.com/eolinker/apinto/drivers/plugins/access-hierarchy/filter.go:28.16,30.3 1 0
github.com/eolinker/apinto/drivers/plugins/access-hierarchy/filter.go:32.2,33.12 2 1
github.com/eolinker/apinto/drivers/plugins/access-hierarchy/filter.go:37.96,39.2 1 1
github.com/eolinker/apinto/drivers/plugins/access-hierarchy/handler.go:38.47,39.29 1 1
github.com/eolinker/apinto/drivers/plugins/access-hierarchy/handler.go:39.29,41.3 1 1
github.com/eolinker/apinto/drivers/plugins/access-hierarchy/handler.go:42.2,42.26 1 1
github.com/eolinker/apinto/drivers/plugins/access-hierarchy/handler.go:45.47,46.29 1 1
github.com/eolinker/apinto/drivers/plugins/access-hierarchy/handler.go:46.29,48.3 1 1
github.com/eolinker/apinto/drivers/plugins/access-hierarchy/handler.go:49.2,49.26 1 1
github.com/eolinker/apinto/drivers/plugins/access-hierarchy/handler.go:52.52,53.34 1 1
github.com/eolinker/apinto/drivers/plugins/access-hierarchy/handler.go:53.34,55.3 1 1
github.com/eolinker/apinto/drivers/plugins/access-hierarchy/handler.go:56.2,56.31 1 1
github.com/eolinker/apinto/drivers/plugins/access-hierarchy/handler.go:59.50,60.32 1 1
github.com/eolinker/apinto/drivers/plugins/access-hierarchy/handler.go:60.32,62.3 1 1
github.com/eolinker/apinto/drivers/plugins/access-hierarchy/handler.go:63.2,63.29 1 1
github.com/eolinker/apinto/drivers/plugins/access-hierarchy/handler.go:66.57,67.39 1 1
github.com/eolinker/apinto/drivers/plugins/access-hierarchy/handler.go:67.39,69.3 1 1
github.com/eolinker/apinto/drivers/plugins/access-hierarchy/handler.go:70.2,70.36 1 1
github.com/eolinker/apinto/drivers/plugins/access-hierarchy/handler.go:73.45,74.27 1 1
github.com/eolinker/apinto/drivers/plugins/access-hierarchy/handler.go:74.27,76.3 1 1
github.com/eolinker/apinto/drivers/plugins/access-hierarchy/handler.go:77.2,77.24 1 1
github.com/eolinker/apinto/drivers/plugins/access-hierarchy/handler.go:80.52,81.34 1 1
github.com/eolinker/apinto/drivers/plugins/access-hierarchy/handler.go:81.34,83.3 1 1
github.com/eolinker/apinto/drivers/plugins/access-hierarchy/handler.go:84.2,84.31 1 1
github.com/eolinker/apinto/drivers/plugins/access-hierarchy/handler.go:87.44,88.26 1 1
github.com/eolinker/apinto/drivers/plugins/access-hierarchy/handler.go:88.26,90.3 1 1
github.com/eolinker/apinto/drivers/plugins/access-hierarchy/handler.go:91.2,91.23 1 1
github.com/eolinker/apinto/drivers/plugins/access-hierarchy/handler.go:94.48,95.30 1 1
github.com/eolinker/apinto/drivers/plugins/access-hierarchy/handler.go:95.30,97.3 1 1
github.com/eolinker/apinto/drivers/plugins/access-hierarchy/handler.go:98.2,98.27 1 1
github.com/eolinker/apinto/drivers/plugins/access-hierarchy/handler.go:102.49,106.37 3 1
github.com/eolinker/apinto/drivers/plugins/access-hierarchy/handler.go:106.37,108.3 1 1
github.com/eolinker/apinto/drivers/plugins/access-hierarchy/handler.go:111.2,112.33 2 1
github.com/eolinker/apinto/drivers/plugins/access-hierarchy/handler.go:112.33,114.3 1 1
github.com/eolinker/apinto/drivers/plugins/access-hierarchy/handler.go:116.2,123.36 4 1
github.com/eolinker/apinto/drivers/plugins/access-hierarchy/handler.go:123.36,126.40 2 1
github.com/eolinker/apinto/drivers/plugins/access-hierarchy/handler.go:126.40,127.12 1 1
github.com/eolinker/apinto/drivers/plugins/access-hierarchy/handler.go:131.3,131.87 1 1
github.com/eolinker/apinto/drivers/plugins/access-hierarchy/handler.go:131.87,133.4 1 1
github.com/eolinker/apinto/drivers/plugins/access-hierarchy/handler.go:136.2,136.14 1 1
github.com/eolinker/apinto/drivers/plugins/access-hierarchy/handler.go:140.155,142.28 1 1
github.com/eolinker/apinto/drivers/plugins/access-hierarchy/handler.go:142.28,144.3 1 1
github.com/eolinker/apinto/drivers/plugins/access-hierarchy/handler.go:145.2,152.10 3 1
github.com/eolinker/apinto/drivers/plugins/access-hierarchy/handler.go:152.10,154.3 1 1
github.com/eolinker/apinto/drivers/plugins/access-hierarchy/handler.go:156.2,160.33 3 1
github.com/eolinker/apinto/drivers/plugins/access-hierarchy/handler.go:160.33,163.14 2 1
github.com/eolinker/apinto/drivers/plugins/access-hierarchy/handler.go:163.14,165.4 1 1
github.com/eolinker/apinto/drivers/plugins/access-hierarchy/handler.go:166.3,167.13 2 1
github.com/eolinker/apinto/drivers/plugins/access-hierarchy/handler.go:167.13,169.41 2 1
github.com/eolinker/apinto/drivers/plugins/access-hierarchy/handler.go:169.41,171.5 1 1
github.com/eolinker/apinto/drivers/plugins/access-hierarchy/handler.go:173.3,173.15 1 1
github.com/eolinker/apinto/drivers/plugins/access-hierarchy/handler.go:178.2,178.60 1 1
github.com/eolinker/apinto/drivers/plugins/access-hierarchy/handler.go:178.60,181.3 1 1
github.com/eolinker/apinto/drivers/plugins/access-hierarchy/handler.go:183.2,183.14 1 1
github.com/eolinker/apinto/drivers/plugins/access-hierarchy/handler.go:187.157,189.30 1 1
github.com/eolinker/apinto/drivers/plugins/access-hierarchy/handler.go:189.30,191.3 1 1
github.com/eolinker/apinto/drivers/plugins/access-hierarchy/handler.go:192.2,201.21 3 1
github.com/eolinker/apinto/drivers/plugins/access-hierarchy/handler.go:201.21,202.46 1 1
github.com/eolinker/apinto/drivers/plugins/access-hierarchy/handler.go:202.46,204.41 2 1
github.com/eolinker/apinto/drivers/plugins/access-hierarchy/handler.go:204.41,205.13 1 1
github.com/eolinker/apinto/drivers/plugins/access-hierarchy/handler.go:210.4,211.16 2 1
github.com/eolinker/apinto/drivers/plugins/access-hierarchy/handler.go:211.16,212.13 1 1
github.com/eolinker/apinto/drivers/plugins/access-hierarchy/handler.go:214.4,214.57 1 1
github.com/eolinker/apinto/drivers/plugins/access-hierarchy/handler.go:214.57,215.13 1 1
github.com/eolinker/apinto/drivers/plugins/access-hierarchy/handler.go:219.4,220.15 2 1
github.com/eolinker/apinto/drivers/plugins/access-hierarchy/handler.go:220.15,221.13 1 1
github.com/eolinker/apinto/drivers/plugins/access-hierarchy/handler.go:224.4,225.14 2 1
github.com/eolinker/apinto/drivers/plugins/access-hierarchy/handler.go:225.14,227.28 2 1
github.com/eolinker/apinto/drivers/plugins/access-hierarchy/handler.go:227.28,229.6 1 1
github.com/eolinker/apinto/drivers/plugins/access-hierarchy/handler.go:237.2,238.22 2 1
github.com/eolinker/apinto/drivers/plugins/access-hierarchy/handler.go:238.22,239.49 1 1
github.com/eolinker/apinto/drivers/plugins/access-hierarchy/handler.go:239.49,241.41 2 1
github.com/eolinker/apinto/drivers/plugins/access-hierarchy/handler.go:241.41,242.13 1 1
github.com/eolinker/apinto/drivers/plugins/access-hierarchy/handler.go:246.4,246.95 1 1
github.com/eolinker/apinto/drivers/plugins/access-hierarchy/handler.go:246.95,248.5 1 1
github.com/eolinker/apinto/drivers/plugins/access-hierarchy/handler.go:252.2,252.14 1 1
github.com/eolinker/apinto/drivers/plugins/access-hierarchy/worker.go:28.41,30.2 1 1
github.com/eolinker/apinto/drivers/plugins/access-hierarchy/worker.go:33.98,35.16 2 1
github.com/eolinker/apinto/drivers/plugins/access-hierarchy/worker.go:35.16,37.3 1 1
github.com/eolinker/apinto/drivers/plugins/access-hierarchy/worker.go:38.2,39.16 2 1
github.com/eolinker/apinto/drivers/plugins/access-hierarchy/worker.go:39.16,41.3 1 0
github.com/eolinker/apinto/drivers/plugins/access-hierarchy/worker.go:42.2,45.12 4 1
github.com/eolinker/apinto/drivers/plugins/access-hierarchy/worker.go:49.40,51.2 1 1
github.com/eolinker/apinto/drivers/plugins/access-hierarchy/worker.go:54.38,55.2 0 1
github.com/eolinker/apinto/drivers/plugins/access-hierarchy/worker.go:58.57,60.2 1 1
github.com/eolinker/apinto/drivers/plugins/access-hierarchy/worker.go:62.45,64.9 2 1
github.com/eolinker/apinto/drivers/plugins/access-hierarchy/worker.go:64.9,66.3 1 1
github.com/eolinker/apinto/drivers/plugins/access-hierarchy/worker.go:67.2,67.17 1 1
github.com/eolinker/apinto/drivers/plugins/access-hierarchy/worker.go:82.86,85.28 3 1
github.com/eolinker/apinto/drivers/plugins/access-hierarchy/worker.go:85.28,87.3 1 0
github.com/eolinker/apinto/drivers/plugins/access-hierarchy/worker.go:89.2,106.17 2 1
github.com/eolinker/apinto/drivers/plugins/access-hierarchy/worker.go:106.17,107.33 1 1
github.com/eolinker/apinto/drivers/plugins/access-hierarchy/worker.go:107.33,109.4 1 1
github.com/eolinker/apinto/drivers/plugins/access-hierarchy/worker.go:110.3,110.33 1 1
github.com/eolinker/apinto/drivers/plugins/access-hierarchy/worker.go:110.33,112.4 1 1
github.com/eolinker/apinto/drivers/plugins/access-hierarchy/worker.go:113.3,113.38 1 1
github.com/eolinker/apinto/drivers/plugins/access-hierarchy/worker.go:113.38,115.4 1 1
github.com/eolinker/apinto/drivers/plugins/access-hierarchy/worker.go:116.3,116.36 1 1
github.com/eolinker/apinto/drivers/plugins/access-hierarchy/worker.go:116.36,118.4 1 1
github.com/eolinker/apinto/drivers/plugins/access-hierarchy/worker.go:119.3,119.43 1 1
github.com/eolinker/apinto/drivers/plugins/access-hierarchy/worker.go:119.43,121.4 1 1
github.com/eolinker/apinto/drivers/plugins/access-hierarchy/worker.go:122.3,122.31 1 1
github.com/eolinker/apinto/drivers/plugins/access-hierarchy/worker.go:122.31,124.4 1 1
github.com/eolinker/apinto/drivers/plugins/access-hierarchy/worker.go:125.3,125.38 1 1
github.com/eolinker/apinto/drivers/plugins/access-hierarchy/worker.go:125.38,127.4 1 1
github.com/eolinker/apinto/drivers/plugins/access-hierarchy/worker.go:128.3,128.30 1 1
github.com/eolinker/apinto/drivers/plugins/access-hierarchy/worker.go:128.30,130.4 1 1
github.com/eolinker/apinto/drivers/plugins/access-hierarchy/worker.go:131.3,131.34 1 1
github.com/eolinker/apinto/drivers/plugins/access-hierarchy/worker.go:131.34,133.4 1 1
github.com/eolinker/apinto/drivers/plugins/access-hierarchy/worker.go:136.2,136.10 1 1
github.com/eolinker/apinto/drivers/plugins/access-hierarchy/worker.go:140.91,142.28 2 1
github.com/eolinker/apinto/drivers/plugins/access-hierarchy/worker.go:142.28,144.3 1 1
github.com/eolinker/apinto/drivers/plugins/access-hierarchy/worker.go:145.2,146.36 2 1
github.com/eolinker/apinto/drivers/plugins/access-hierarchy/worker.go:146.36,148.16 2 1
github.com/eolinker/apinto/drivers/plugins/access-hierarchy/worker.go:148.16,150.4 1 1
github.com/eolinker/apinto/drivers/plugins/access-hierarchy/worker.go:152.2,152.31 1 1
